d:\inflearn\rookiss\direct_x_11\gamecoding\gamecoding\x64\debug\gamecoding.pch
d:\inflearn\rookiss\direct_x_11\gamecoding\gamecoding\x64\debug\vc143.pdb
d:\inflearn\rookiss\direct_x_11\gamecoding\gamecoding\x64\debug\vc143.idb
d:\inflearn\rookiss\direct_x_11\gamecoding\gamecoding\x64\debug\pch.obj
d:\inflearn\rookiss\direct_x_11\gamecoding\gamecoding\x64\debug\gamecoding.obj
d:\inflearn\rookiss\direct_x_11\gamecoding\binaries\gamecoding.exe
d:\inflearn\rookiss\direct_x_11\gamecoding\binaries\gamecoding.pdb
d:\inflearn\rookiss\direct_x_11\gamecoding\gamecoding\x64\debug\gamecoding.res
d:\inflearn\rookiss\direct_x_11\gamecoding\gamecoding\x64\debug\gamecoding.ilk
d:\inflearn\rookiss\direct_x_11\gamecoding\gamecoding\x64\debug\gamecoding.tlog\cl.command.1.tlog
d:\inflearn\rookiss\direct_x_11\gamecoding\gamecoding\x64\debug\gamecoding.tlog\cl.items.tlog
d:\inflearn\rookiss\direct_x_11\gamecoding\gamecoding\x64\debug\gamecoding.tlog\cl.read.1.tlog
d:\inflearn\rookiss\direct_x_11\gamecoding\gamecoding\x64\debug\gamecoding.tlog\cl.write.1.tlog
d:\inflearn\rookiss\direct_x_11\gamecoding\gamecoding\x64\debug\gamecoding.tlog\link.command.1.tlog
d:\inflearn\rookiss\direct_x_11\gamecoding\gamecoding\x64\debug\gamecoding.tlog\link.read.1.tlog
d:\inflearn\rookiss\direct_x_11\gamecoding\gamecoding\x64\debug\gamecoding.tlog\link.secondary.1.tlog
d:\inflearn\rookiss\direct_x_11\gamecoding\gamecoding\x64\debug\gamecoding.tlog\link.write.1.tlog
d:\inflearn\rookiss\direct_x_11\gamecoding\gamecoding\x64\debug\gamecoding.tlog\rc.command.1.tlog
d:\inflearn\rookiss\direct_x_11\gamecoding\gamecoding\x64\debug\gamecoding.tlog\rc.read.1.tlog
d:\inflearn\rookiss\direct_x_11\gamecoding\gamecoding\x64\debug\gamecoding.tlog\rc.write.1.tlog
